<?xml version="1.0" encoding="UTF-8"?>
<testsuite name="AnimalsTest" tests="1" skipped="0" failures="0" errors="0" timestamp="2020-12-08T18:20:06" hostname="craig-HP-Laptop-14s-dk0xxx" time="0.002">
  <properties/>
  <testcase name="ensureNameFieldCannotBeEmpty" classname="AnimalsTest" time="0.002"/>
  <system-out><![CDATA[]]></system-out>
  <system-err><![CDATA[]]></system-err>
</testsuite>
